
The following have been reloaded with a version change:
  1) python/2.7.13 => python/3.5.2

Current working directory is /home/kramosmu/project/kramosmu/MITgcm/tracerexperiments/LOWER_BF/run02
Starting run at: Sat Nov  4 00:31:56 EDT 2017
NORMAL END
NORMAL END
NORMAL END
NORMAL END
NORMAL END
NORMAL END
NORMAL END
NORMAL END
NORMAL END
NORMAL END
NORMAL END
NORMAL END
NORMAL END
NORMAL END
NORMAL END
NORMAL END
NORMAL END
NORMAL END
NORMAL END
NORMAL END
NORMAL END
NORMAL END
NORMAL END
NORMAL END
NORMAL END
NORMAL END
NORMAL END
NORMAL END
NORMAL END
NORMAL END
NORMAL END
NORMAL END
NORMAL END
NORMAL END
NORMAL END
NORMAL END
NORMAL END
NORMAL END
NORMAL END
NORMAL END
NORMAL END
NORMAL END
NORMAL END
NORMAL END
NORMAL END
NORMAL END
NORMAL END
NORMAL END
NORMAL END
NORMAL END
NORMAL END
NORMAL END
NORMAL END
NORMAL END
NORMAL END
NORMAL END
NORMAL END
NORMAL END
NORMAL END
NORMAL END
NORMAL END
NORMAL END
NORMAL END
NORMAL END
NORMAL END
NORMAL END
NORMAL END
NORMAL END
NORMAL END
NORMAL END
NORMAL END
NORMAL END
NORMAL END
NORMAL END
NORMAL END
NORMAL END
NORMAL END
NORMAL END
NORMAL END
NORMAL END
NORMAL END
NORMAL END
NORMAL END
NORMAL END
NORMAL END
NORMAL END
NORMAL END
NORMAL END
NORMAL END
NORMAL END
NORMAL END
NORMAL END
NORMAL END
NORMAL END
NORMAL END
NORMAL END
NORMAL END
NORMAL END
NORMAL END
NORMAL END
NORMAL END
NORMAL END
NORMAL END
NORMAL END
NORMAL END
NORMAL END
NORMAL END
NORMAL END
NORMAL END
NORMAL END
NORMAL END
NORMAL END
Job finished at: Sat Nov  4 04:01:11 EDT 2017
